<?xml version="1.0" encoding="UTF-8"?>
<!-- Generated by org.testng.reporters.JUnitReportReporter -->
<testsuite hostname="Aniket" name="com.crm.comcat.OrganizationTest.Tc_16_copyshippingAddressSelectOptionIsEnabledOrNotTest" tests="1" failures="0" timestamp="13 Jun 2021 17:54:24 GMT" time="18.736" errors="0">
  <testcase name="copyShipingaddress" time="18.736" classname="com.crm.comcat.OrganizationTest.Tc_16_copyshippingAddressSelectOptionIsEnabledOrNotTest"/>
</testsuite> <!-- com.crm.comcat.OrganizationTest.Tc_16_copyshippingAddressSelectOptionIsEnabledOrNotTest -->
