<?xml version="1.0" encoding="UTF-8"?>
<!-- Generated by org.testng.reporters.JUnitReportReporter -->
<testsuite hostname="Aniket" name="com.crm.comcast.VtigerTest.CreateOrganizationWithIndustryDdTest" tests="1" failures="0" timestamp="14 Jun 2021 20:32:34 GMT" time="96.501" errors="0">
  <testcase name="createOrganizationWithIndustryDD" time="96.501" classname="com.crm.comcast.VtigerTest.CreateOrganizationWithIndustryDdTest"/>
</testsuite> <!-- com.crm.comcast.VtigerTest.CreateOrganizationWithIndustryDdTest -->
