<?xml version="1.0" encoding="UTF-8"?>
<!-- Generated by org.testng.reporters.JUnitReportReporter -->
<testsuite hostname="Aniket" name="com.crm.crm.comcat.Sdet15.launchBrwseer" tests="1" failures="0" timestamp="9 Jun 2021 18:11:50 GMT" time="38.694" errors="0">
  <testcase name="launchBrowser" time="38.694" classname="com.crm.crm.comcat.Sdet15.launchBrwseer"/>
</testsuite> <!-- com.crm.crm.comcat.Sdet15.launchBrwseer -->
