<?xml version="1.0" encoding="UTF-8"?>
<!-- Generated by org.testng.reporters.JUnitReportReporter -->
<testsuite hostname="LAPTOP-DK6TK74Q" failures="0" tests="2" name="com.crm.comcast.VtigerTest.CreateOrganizationTest" time="59.217" errors="0" timestamp="2021-06-14T14:26:46 IST" skipped="0">
  <testcase classname="com.crm.comcast.VtigerTest.CreateOrganizationTest" name="createOrgTest" time="46.422"/>
  <system-out>
Navigate to Organisation Navigate to create Organisation Enter mandatory filed & create Organisation Assertion Succesful  </system-out>
  <testcase classname="com.crm.comcast.VtigerTest.CreateOrganizationTest" name="createOrgWithType" time="12.795"/>
  <system-out/>
</testsuite> <!-- com.crm.comcast.VtigerTest.CreateOrganizationTest -->
