<?xml version="1.0" encoding="UTF-8"?>
<!-- Generated by org.testng.reporters.JUnitReportReporter -->
<testsuite hostname="hp-pc" failures="0" tests="1" name="com.crm.comcast.GenericUtils.JavaUtility" time="0.040" errors="0" timestamp="2021-06-04T16:50:24 IST" skipped="0">
  <testcase classname="com.crm.comcast.GenericUtils.JavaUtility" name="getRandomNumber" time="0.040"/>
  <system-out/>
</testsuite> <!-- com.crm.comcast.GenericUtils.JavaUtility -->
