<?xml version="1.0" encoding="UTF-8"?>
<!-- Generated by org.testng.reporters.JUnitReportReporter -->
<testsuite hostname="hp-pc" failures="0" tests="1" name="com.crm.comcast.Practice.DemoDataProvider" time="0.000" errors="0" timestamp="2021-06-10T17:22:55 IST" skipped="1">
  <testcase classname="com.crm.comcast.Practice.DemoDataProvider" name="readData" time="0.000">
    <skipped/>
  </testcase> <!-- readData -->
  <system-out/>
</testsuite> <!-- com.crm.comcast.Practice.DemoDataProvider -->
