<?xml version="1.0" encoding="UTF-8"?>
<!-- Generated by org.testng.reporters.JUnitReportReporter -->
<testsuite hostname="hp-pc" failures="0" tests="1" name="com.crm.comcast.Practice.DynamicWebtable" time="109.495" errors="0" timestamp="2021-06-09T16:22:08 IST" skipped="0">
  <testcase classname="com.crm.comcast.Practice.DynamicWebtable" name="handlingDynamicWebTable" time="109.495"/>
  <system-out/>
</testsuite> <!-- com.crm.comcast.Practice.DynamicWebtable -->
