<?xml version="1.0" encoding="UTF-8"?>
<!-- Generated by org.testng.reporters.JUnitReportReporter -->
<testsuite hostname="hp-pc" failures="0" tests="1" name="com.crm.comcast.GenericUtils.JSONFileUtility" time="0.099" errors="0" timestamp="2021-06-04T12:41:08 IST" skipped="0">
  <testcase classname="com.crm.comcast.GenericUtils.JSONFileUtility" name="readDataFromJSON" time="0.099"/>
  <system-out/>
</testsuite> <!-- com.crm.comcast.GenericUtils.JSONFileUtility -->
