<?xml version="1.0" encoding="UTF-8"?>
<!-- Generated by org.testng.reporters.JUnitReportReporter -->
<testsuite hostname="hp-pc" failures="0" tests="1" name="com.crm.comcast.Practice.VtigerPracticeTest" time="93.939" errors="0" timestamp="2021-06-04T16:58:46 IST" skipped="0">
  <testcase classname="com.crm.comcast.Practice.VtigerPracticeTest" name="createOrganization" time="93.939"/>
  <system-out/>
</testsuite> <!-- com.crm.comcast.Practice.VtigerPracticeTest -->
