<?xml version="1.0" encoding="UTF-8"?>
<!-- Generated by org.testng.reporters.JUnitReportReporter -->
<testsuite hostname="hp-pc" failures="0" tests="1" name="com.crm.comcast.Practice.DemoRead" time="3.027" errors="0" timestamp="2021-06-08T14:46:12 IST" skipped="0">
  <testcase classname="com.crm.comcast.Practice.DemoRead" name="demoProperty" time="3.027"/>
  <system-out/>
</testsuite> <!-- com.crm.comcast.Practice.DemoRead -->
