<?xml version="1.0" encoding="UTF-8"?>
<!-- Generated by org.testng.reporters.JUnitReportReporter -->
<testsuite hostname="hp-pc" failures="0" tests="1" name="com.crm.comcast.Practice.CreateOrganizationTest" time="140.422" errors="0" timestamp="2021-06-08T15:50:29 IST" skipped="0">
  <testcase classname="com.crm.comcast.Practice.CreateOrganizationTest" name="createOrganization" time="140.422"/>
  <system-out/>
</testsuite> <!-- com.crm.comcast.Practice.CreateOrganizationTest -->
