<?xml version="1.0" encoding="UTF-8"?>
<!-- Generated by org.testng.reporters.JUnitReportReporter -->
<testsuite hostname="hp-pc" failures="0" tests="1" name="com.crm.comcast.VtigerTest.CreateOrganizationWithIndustry" time="119.171" errors="0" timestamp="2021-06-10T12:04:21 IST" skipped="0">
  <testcase classname="com.crm.comcast.VtigerTest.CreateOrganizationWithIndustry" name="createOrgWithIndustry" time="119.171"/>
  <system-out/>
</testsuite> <!-- com.crm.comcast.VtigerTest.CreateOrganizationWithIndustry -->
