<?xml version="1.0" encoding="UTF-8"?>
<!-- Generated by org.testng.reporters.JUnitReportReporter -->
<testsuite hostname="hp-pc" failures="0" tests="1" name="com.crm.comcast.VtigerTest.CreateConatctWithOrganization" time="57.296" errors="0" timestamp="2021-06-10T12:19:33 IST" skipped="0">
  <testcase classname="com.crm.comcast.VtigerTest.CreateConatctWithOrganization" name="createContactWithOrgTest" time="57.296"/>
  <system-out/>
</testsuite> <!-- com.crm.comcast.VtigerTest.CreateConatctWithOrganization -->
