<?xml version="1.0" encoding="UTF-8"?>
<!-- Generated by org.testng.reporters.JUnitReportReporter -->
<testsuite hostname="hp-pc" failures="0" tests="1" name="com.crm.comcast.GenericUtils.XMLFileUtility" time="0.477" errors="0" timestamp="2021-06-04T13:02:44 IST" skipped="0">
  <testcase classname="com.crm.comcast.GenericUtils.XMLFileUtility" name="readDataFromXml" time="0.477"/>
  <system-out/>
</testsuite> <!-- com.crm.comcast.GenericUtils.XMLFileUtility -->
