<?xml version="1.0" encoding="UTF-8"?>
<!-- Generated by org.testng.reporters.JUnitReportReporter -->
<testsuite hostname="LAPTOP-DK6TK74Q" failures="0" tests="1" name="com.crm.comcast.VtigerTest.CreateOrganizationWithIndustry" time="28.922" errors="0" timestamp="2021-06-14T13:59:05 IST" skipped="0">
  <testcase classname="com.crm.comcast.VtigerTest.CreateOrganizationWithIndustry" name="createOrgWithIndustry" time="28.922"/>
  <system-out/>
</testsuite> <!-- com.crm.comcast.VtigerTest.CreateOrganizationWithIndustry -->
