<?xml version="1.0" encoding="UTF-8"?>
<!-- Generated by org.testng.reporters.JUnitReportReporter -->
<testsuite hostname="hp-pc" failures="0" tests="1" name="com.crm.comcast.Practice.DemoDebug" time="0.052" errors="0" timestamp="2021-06-08T16:18:49 IST" skipped="0">
  <testcase classname="com.crm.comcast.Practice.DemoDebug" name="sampleDebug" time="0.052"/>
  <system-out/>
</testsuite> <!-- com.crm.comcast.Practice.DemoDebug -->
